Using pre-set license
Built from '2020.3/release' branch; Version is '2020.3.12f1 (b3b2c6512326) revision 11776710'; Using compiler version '192528614'; Build Type 'Release'
OS: 'Windows 10 Pro; OS build 19042.1110; Version 2009; 64bit' Language: 'en' Physical Memory: 16310 MB
BatchMode: 1, IsHumanControllingUs: 0, StartBugReporterOnCrash: 0, Is64bit: 1, IsPro: 0

 COMMAND LINE ARGUMENTS:
C:\Program Files\Unity\Hub\Editor\2020.3.12f1\Editor\Unity.exe
-adb2
-batchMode
-noUpm
-name
AssetImportWorker0
-projectPath
C:/Users/Anny/OneDrive/Documents/Space-War
-logFile
Logs/AssetImportWorker0.log
-srvPort
64730
Successfully changed project path to: C:/Users/Anny/OneDrive/Documents/Space-War
C:/Users/Anny/OneDrive/Documents/Space-War
Using Asset Import Pipeline V2.
Refreshing native plugins compatible for Editor in 63.93 ms, found 2 plugins.
Preloading 0 native plugins for Editor in 0.00 ms.
Initialize engine version: 2020.3.12f1 (b3b2c6512326)
[Subsystems] Discovering subsystems at path C:/Program Files/Unity/Hub/Editor/2020.3.12f1/Editor/Data/Resources/UnitySubsystems
[Subsystems] Discovering subsystems at path C:/Users/Anny/OneDrive/Documents/Space-War/Assets
GfxDevice: creating device client; threaded=0
Direct3D:
    Version:  Direct3D 11.0 [level 11.1]
    Renderer: Radeon RX550/550 Series (ID=0x699f)
    Vendor:   
    VRAM:     4076 MB
    Driver:   27.20.14501.18003
Initialize mono
Mono path[0] = 'C:/Program Files/Unity/Hub/Editor/2020.3.12f1/Editor/Data/Managed'
Mono path[1] = 'C:/Program Files/Unity/Hub/Editor/2020.3.12f1/Editor/Data/MonoBleedingEdge/lib/mono/unityjit'
Mono config path = 'C:/Program Files/Unity/Hub/Editor/2020.3.12f1/Editor/Data/MonoBleedingEdge/etc'
Using monoOptions --debugger-agent=transport=dt_socket,embedding=1,server=y,suspend=n,address=127.0.0.1:56176
Begin MonoManager ReloadAssembly
Registering precompiled unity dll's ...
Register platform support module: C:/Program Files/Unity/Hub/Editor/2020.3.12f1/Editor/Data/PlaybackEngines/WebGLSupport/UnityEditor.WebGL.Extensions.dll
Register platform support module: C:/Program Files/Unity/Hub/Editor/2020.3.12f1/Editor/Data/PlaybackEngines/WindowsStandaloneSupport/UnityEditor.WindowsStandalone.Extensions.dll
Registered in 0.001985 seconds.
Native extension for WindowsStandalone target not found
Native extension for WebGL target not found
Refreshing native plugins compatible for Editor in 39.55 ms, found 2 plugins.
Preloading 0 native plugins for Editor in 0.00 ms.
Mono: successfully reloaded assembly
- Completed reload, in  0.959 seconds
Platform modules already initialized, skipping
Registering precompiled user dll's ...
Registered in 0.004087 seconds.
Begin MonoManager ReloadAssembly
Native extension for WindowsStandalone target not found
Native extension for WebGL target not found
Refreshing native plugins compatible for Editor in 0.77 ms, found 2 plugins.
Preloading 0 native plugins for Editor in 0.00 ms.
Mono: successfully reloaded assembly
- Completed reload, in  0.890 seconds
Platform modules already initialized, skipping
========================================================================
Worker process is ready to serve import requests
Launched and connected shader compiler UnityShaderCompiler.exe after 0.03 seconds
Refreshing native plugins compatible for Editor in 0.67 ms, found 2 plugins.
Preloading 0 native plugins for Editor in 0.00 ms.
Unloading 1954 Unused Serialized files (Serialized files now loaded: 0)
System memory in use before: 80.8 MB.
System memory in use after: 80.9 MB.

Unloading 59 unused Assets to reduce memory usage. Loaded Objects now: 2361.
Total: 5.984600 ms (FindLiveObjects: 0.195000 ms CreateObjectMapping: 0.145300 ms MarkObjects: 5.449800 ms  DeleteObjects: 0.193600 ms)

AssetImportParameters requested are different than current active one (requested -> active):
  custom:framework-win-MediaFoundation: 216162199b28c13a410421893ffa2e32 -> 
  custom:video-decoder-ogg-theora: a1e56fd34408186e4bbccfd4996cb3dc -> 
  custom:container-muxer-webm: aa71ff27fc2769a1b78a27578f13a17b -> 
  custom:container-demuxer-webm: 4f35f7cbe854078d1ac9338744f61a02 -> 
  custom:container-demuxer-ogg: 62fdf1f143b41e24485cea50d1cbac27 -> 
  custom:video-encoder-webm-vp8: eb34c28f22e8b96e1ab97ce403110664 -> 
  custom:video-decoder-webm-vp8: 9c59270c3fd7afecdb556c50c9e8de78 -> 
  custom:audio-decoder-ogg-vorbis: bf7c407c2cedff20999df2af8eb42d56 -> 
  custom:audio-encoder-webm-vorbis: bf7c407c2cedff20999df2af8eb42d56 -> 
========================================================================
Received Import Request.
  path: Assets/Scenes/Instrucciones.unity
  artifactKey: Guid(be2da300e90786841a62f6c1ead94ebd) Importer(815301076,1909f56bfc062723c751e8b465ee728b)
Start importing Assets/Scenes/Instrucciones.unity using Guid(be2da300e90786841a62f6c1ead94ebd) Importer(815301076,1909f56bfc062723c751e8b465ee728b)  -> (artifact id: '697b9797b8ada2265d2a358be7c6ec3d') in 0.013978 seconds 
  Import took 0.016847 seconds .

========================================================================
Received Import Request.
  Time since last request: 0.976514 seconds.
  path: Assets/Scenes/MenuPrincipal.unity
  artifactKey: Guid(72f023af311174f47bd085ff4113b43e) Importer(815301076,1909f56bfc062723c751e8b465ee728b)
Start importing Assets/Scenes/MenuPrincipal.unity using Guid(72f023af311174f47bd085ff4113b43e) Importer(815301076,1909f56bfc062723c751e8b465ee728b)  -> (artifact id: 'a2bf7ff49395d15208391c90e662e1cf') in 0.005974 seconds 
  Import took 0.009394 seconds .

========================================================================
Received Import Request.
  Time since last request: 0.000262 seconds.
  path: Assets/Scenes/MenuPrincipal.unity
  artifactKey: Guid(72f023af311174f47bd085ff4113b43e) Importer(815301076,1909f56bfc062723c751e8b465ee728b)
Start importing Assets/Scenes/MenuPrincipal.unity using Guid(72f023af311174f47bd085ff4113b43e) Importer(815301076,1909f56bfc062723c751e8b465ee728b)  -> (artifact id: 'a2bf7ff49395d15208391c90e662e1cf') in 0.002037 seconds 
  Import took 0.004253 seconds .

========================================================================
Received Prepare
Registering precompiled user dll's ...
Registered in 0.560852 seconds.
Begin MonoManager ReloadAssembly
Native extension for WindowsStandalone target not found
Native extension for WebGL target not found
Refreshing native plugins compatible for Editor in 0.74 ms, found 2 plugins.
Preloading 0 native plugins for Editor in 0.00 ms.
Mono: successfully reloaded assembly
- Completed reload, in  5.289 seconds
Platform modules already initialized, skipping
Refreshing native plugins compatible for Editor in 0.73 ms, found 2 plugins.
Preloading 0 native plugins for Editor in 0.00 ms.
Unloading 1949 Unused Serialized files (Serialized files now loaded: 0)
System memory in use before: 80.8 MB.
System memory in use after: 80.8 MB.

Unloading 50 unused Assets to reduce memory usage. Loaded Objects now: 2364.
Total: 4.648400 ms (FindLiveObjects: 0.218600 ms CreateObjectMapping: 0.053600 ms MarkObjects: 4.311500 ms  DeleteObjects: 0.063500 ms)

AssetImportParameters requested are different than current active one (requested -> active):
  custom:framework-win-MediaFoundation: 216162199b28c13a410421893ffa2e32 -> 
  custom:video-decoder-ogg-theora: a1e56fd34408186e4bbccfd4996cb3dc -> 
  custom:container-muxer-webm: aa71ff27fc2769a1b78a27578f13a17b -> 
  custom:container-demuxer-webm: 4f35f7cbe854078d1ac9338744f61a02 -> 
  custom:container-demuxer-ogg: 62fdf1f143b41e24485cea50d1cbac27 -> 
  custom:video-encoder-webm-vp8: eb34c28f22e8b96e1ab97ce403110664 -> 
  custom:video-decoder-webm-vp8: 9c59270c3fd7afecdb556c50c9e8de78 -> 
  custom:audio-decoder-ogg-vorbis: bf7c407c2cedff20999df2af8eb42d56 -> 
  custom:audio-encoder-webm-vorbis: bf7c407c2cedff20999df2af8eb42d56 -> 
========================================================================
Received Import Request.
  Time since last request: 1043.532438 seconds.
  path: Assets/Scenes/Intro.unity
  artifactKey: Guid(d3b9509827ecfd544a57b15667e53455) Importer(815301076,1909f56bfc062723c751e8b465ee728b)
Start importing Assets/Scenes/Intro.unity using Guid(d3b9509827ecfd544a57b15667e53455) Importer(815301076,1909f56bfc062723c751e8b465ee728b)  -> (artifact id: '237af978fb75373eccbfef88cff0666a') in 0.015861 seconds 
  Import took 0.020496 seconds .

========================================================================
Received Import Request.
  Time since last request: 117.375605 seconds.
  path: Assets/Scripts
  artifactKey: Guid(aea7fbde3de8e9445bbef55bc383cea5) Importer(815301076,1909f56bfc062723c751e8b465ee728b)
Start importing Assets/Scripts using Guid(aea7fbde3de8e9445bbef55bc383cea5) Importer(815301076,1909f56bfc062723c751e8b465ee728b)  -> (artifact id: 'a81a3c25d68c5b7eae01268264fb97c7') in 0.005003 seconds 
  Import took 0.008048 seconds .

========================================================================
Received Import Request.
  Time since last request: 0.000465 seconds.
  path: Assets/Scripts
  artifactKey: Guid(aea7fbde3de8e9445bbef55bc383cea5) Importer(815301076,1909f56bfc062723c751e8b465ee728b)
Start importing Assets/Scripts using Guid(aea7fbde3de8e9445bbef55bc383cea5) Importer(815301076,1909f56bfc062723c751e8b465ee728b)  -> (artifact id: 'a81a3c25d68c5b7eae01268264fb97c7') in 0.001815 seconds 
  Import took 0.003954 seconds .

========================================================================
Received Import Request.
  Time since last request: 14.541116 seconds.
  path: Assets/Scripts/MainMenu.cs
  artifactKey: Guid(3d560392cac5282458e1dd7c24c5b743) Importer(815301076,1909f56bfc062723c751e8b465ee728b)
Start importing Assets/Scripts/MainMenu.cs using Guid(3d560392cac5282458e1dd7c24c5b743) Importer(815301076,1909f56bfc062723c751e8b465ee728b)  -> (artifact id: '8a3c602efb8fb78d4ac1da14d440e0b0') in 0.025429 seconds 
  Import took 0.066748 seconds .

========================================================================
Received Prepare
Registering precompiled user dll's ...
Registered in 0.077366 seconds.
Begin MonoManager ReloadAssembly
Native extension for WindowsStandalone target not found
Native extension for WebGL target not found
Refreshing native plugins compatible for Editor in 0.83 ms, found 2 plugins.
Preloading 0 native plugins for Editor in 0.00 ms.
Mono: successfully reloaded assembly
- Completed reload, in  0.896 seconds
Platform modules already initialized, skipping
Refreshing native plugins compatible for Editor in 0.82 ms, found 2 plugins.
Preloading 0 native plugins for Editor in 0.00 ms.
Unloading 1950 Unused Serialized files (Serialized files now loaded: 0)
System memory in use before: 80.8 MB.
System memory in use after: 80.9 MB.

Unloading 50 unused Assets to reduce memory usage. Loaded Objects now: 2368.
Total: 5.292300 ms (FindLiveObjects: 0.237300 ms CreateObjectMapping: 0.045800 ms MarkObjects: 4.845100 ms  DeleteObjects: 0.163100 ms)

AssetImportParameters requested are different than current active one (requested -> active):
  custom:framework-win-MediaFoundation: 216162199b28c13a410421893ffa2e32 -> 
  custom:video-decoder-ogg-theora: a1e56fd34408186e4bbccfd4996cb3dc -> 
  custom:container-muxer-webm: aa71ff27fc2769a1b78a27578f13a17b -> 
  custom:container-demuxer-webm: 4f35f7cbe854078d1ac9338744f61a02 -> 
  custom:container-demuxer-ogg: 62fdf1f143b41e24485cea50d1cbac27 -> 
  custom:video-encoder-webm-vp8: eb34c28f22e8b96e1ab97ce403110664 -> 
  custom:video-decoder-webm-vp8: 9c59270c3fd7afecdb556c50c9e8de78 -> 
  custom:audio-decoder-ogg-vorbis: bf7c407c2cedff20999df2af8eb42d56 -> 
  custom:audio-encoder-webm-vorbis: bf7c407c2cedff20999df2af8eb42d56 -> 
========================================================================
Received Import Request.
  Time since last request: 260.230095 seconds.
  path: Assets/Scenes/Principal.unity
  artifactKey: Guid(d31945966fedec24fa8cf028f485e539) Importer(815301076,1909f56bfc062723c751e8b465ee728b)
Start importing Assets/Scenes/Principal.unity using Guid(d31945966fedec24fa8cf028f485e539) Importer(815301076,1909f56bfc062723c751e8b465ee728b)  -> (artifact id: '824df537dfc4b95e26617cb9a6011196') in 0.014280 seconds 
  Import took 0.017786 seconds .

AssetImportWorkerClient::OnTransportError - code=2 error=End of file
